<?xml version="1.0" encoding="UTF-8"?>
<testsuite name="MoodAnalyzerTestClass" tests="1" skipped="0" failures="0" errors="0" timestamp="2020-04-17T15:03:24" hostname="rajchaudhari-HP-Notebook" time="0.002">
  <properties/>
  <testcase name="givenMeassage_WhenInvalid_ThenReturnMood" classname="MoodAnalyzerTestClass" time="0.002"/>
  <system-out><![CDATA[]]></system-out>
  <system-err><![CDATA[]]></system-err>
</testsuite>
