<?xml version="1.0" encoding="UTF-8"?>
<testsuite name="MoodAnalyzerTestClass" tests="1" skipped="0" failures="0" errors="0" timestamp="2020-04-17T15:53:39" hostname="rajchaudhari-HP-Notebook" time="0.005">
  <properties/>
  <testcase name="givenClassName_WhenInimproper_ThenThrowMoodAnalysisException" classname="MoodAnalyzerTestClass" time="0.005"/>
  <system-out><![CDATA[Please enter valid method name
]]></system-out>
  <system-err><![CDATA[]]></system-err>
</testsuite>
