<?xml version="1.0" encoding="UTF-8"?>
<testsuite name="MoodAnalyzerTestClass" tests="1" skipped="0" failures="0" errors="0" timestamp="2020-04-17T15:57:58" hostname="rajchaudhari-HP-Notebook" time="0.003">
  <properties/>
  <testcase name="givenMoodAnaliserParameterCustructor_WhenProper_ThenReturnObject" classname="MoodAnalyzerTestClass" time="0.003"/>
  <system-out><![CDATA[]]></system-out>
  <system-err><![CDATA[]]></system-err>
</testsuite>
