<?xml version="1.0" encoding="UTF-8"?>
<testsuite name="MoodAnalyzerTestClass" tests="1" skipped="0" failures="0" errors="0" timestamp="2020-04-17T16:07:25" hostname="rajchaudhari-HP-Notebook" time="0.007">
  <properties/>
  <testcase name="givenClassNameWithParameter_WhenImproper_ThenThrowMoodAnalysisException" classname="MoodAnalyzerTestClass" time="0.007"/>
  <system-out><![CDATA[Please enter valid Class name
]]></system-out>
  <system-err><![CDATA[]]></system-err>
</testsuite>
