<?xml version="1.0" encoding="UTF-8"?>
<testsuite name="MoodAnalyzerTestClass" tests="12" skipped="0" failures="0" errors="0" timestamp="2020-04-18T03:20:24" hostname="rajchaudhari-HP-Notebook" time="0.015">
  <properties/>
  <testcase name="givenConstructorName_WhenImproper_ThenThrowMoodAnalysisException" classname="MoodAnalyzerTestClass" time="0.005"/>
  <testcase name="givenHappy_WhenProper_ThenReturnHappyMood" classname="MoodAnalyzerTestClass" time="0.001"/>
  <testcase name="givenMoodAnaliserDefaultCustructor_WhenProper_ThenReturnObject" classname="MoodAnalyzerTestClass" time="0.0"/>
  <testcase name="givenNull_WhenInvalid_ThenReturn" classname="MoodAnalyzerTestClass" time="0.0"/>
  <testcase name="givenConstructorWithParameter_WhenImproper_ThenThrowMethodNotFoundException" classname="MoodAnalyzerTestClass" time="0.0"/>
  <testcase name="givenClassName_WhenImproper_ThenThrowMoodAnalysisException" classname="MoodAnalyzerTestClass" time="0.0"/>
  <testcase name="givenMeassage_WhenInvalid_ThenReturnMood" classname="MoodAnalyzerTestClass" time="0.0"/>
  <testcase name="givenMoodAnaliserParameterCustructor_WhenProper_ThenReturnObject" classname="MoodAnalyzerTestClass" time="0.0"/>
  <testcase name="givenEmpty_WhenInvalid_ThenTrue" classname="MoodAnalyzerTestClass" time="0.0"/>
  <testcase name="givenClassNameWithParameter_WhenImproper_ThenThrowMoodAnalysisException" classname="MoodAnalyzerTestClass" time="0.002"/>
  <testcase name="givenMeassage_WhenValid_ThenReturnMood" classname="MoodAnalyzerTestClass" time="0.0"/>
  <testcase name="givenHappyMessage_WhenImproperMethod_ShouldThrowMoodAnalysisException" classname="MoodAnalyzerTestClass" time="0.001"/>
  <system-out><![CDATA[Please enter valid method name
You entered null,please enter valid mood
Please enter valid method name
Please enter valid Class name
You entered empty,please enter valid mood
Please enter valid Class name
Please enter valid method name
]]></system-out>
  <system-err><![CDATA[]]></system-err>
</testsuite>
