<?xml version="1.0" encoding="UTF-8"?>
<testsuite name="MoodAnalyzerTestClass" tests="1" skipped="0" failures="0" errors="0" timestamp="2020-04-17T16:10:38" hostname="rajchaudhari-HP-Notebook" time="0.006">
  <properties/>
  <testcase name="givenConstructorWithParameter_WhenImproper_ThenThrowMethodNotFoundException" classname="MoodAnalyzerTestClass" time="0.006"/>
  <system-out><![CDATA[Please enter valid method name
]]></system-out>
  <system-err><![CDATA[]]></system-err>
</testsuite>
