<?xml version="1.0" encoding="UTF-8"?>
<testsuite name="MoodAnalyzerTestClass" tests="6" skipped="0" failures="0" errors="0" timestamp="2020-04-17T15:43:05" hostname="rajchaudhari-HP-Notebook" time="0.009">
  <properties/>
  <testcase name="givenMoodAnaliserDefaultCustructor_WhenProper_ThenReturnObject" classname="MoodAnalyzerTestClass" time="0.002"/>
  <testcase name="givenNull_WhenInvalid_ThenReturn" classname="MoodAnalyzerTestClass" time="0.004"/>
  <testcase name="givenClassName_WhenImproper_ThenThrowMoodAnalysisException" classname="MoodAnalyzerTestClass" time="0.0"/>
  <testcase name="givenMeassage_WhenInvalid_ThenReturnMood" classname="MoodAnalyzerTestClass" time="0.001"/>
  <testcase name="givenEmpty_WhenInvalid_ThenTrue" classname="MoodAnalyzerTestClass" time="0.0"/>
  <testcase name="givenMeassage_WhenValid_ThenReturnMood" classname="MoodAnalyzerTestClass" time="0.0"/>
  <system-out><![CDATA[You entered null,please enter valid mood
Please enter valid Class name
You entered empty,please enter valid mood
]]></system-out>
  <system-err><![CDATA[]]></system-err>
</testsuite>
